\BOOKMARK [1][-]{section.1}{\376\377\000I\000n\000t\000r\000o\000d\000u\000z\000i\000o\000n\000e}{}% 1
\BOOKMARK [1][-]{section.2}{\376\377\000A\000r\000c\000h\000i\000t\000e\000t\000t\000u\000r\000a\000\040\000G\000e\000n\000e\000r\000a\000l\000e}{}% 2
\BOOKMARK [1][-]{section.3}{\376\377\000A\000n\000a\000l\000i\000s\000i\000\040\000d\000e\000i\000\040\000F\000i\000l\000e\000\040\000S\000o\000r\000g\000e\000n\000t\000e}{}% 3
\BOOKMARK [2][-]{subsection.3.1}{\376\377\000c\000o\000n\000f\000i\000g\000.\000p\000y}{section.3}% 4
\BOOKMARK [2][-]{subsection.3.2}{\376\377\000d\000e\000t\000e\000c\000t\000o\000r\000.\000p\000y}{section.3}% 5
\BOOKMARK [2][-]{subsection.3.3}{\376\377\000r\000e\000c\000o\000g\000n\000i\000z\000e\000r\000.\000p\000y}{section.3}% 6
\BOOKMARK [2][-]{subsection.3.4}{\376\377\000u\000t\000i\000l\000s\000.\000p\000y}{section.3}% 7
\BOOKMARK [2][-]{subsection.3.5}{\376\377\000a\000u\000g\000m\000e\000n\000t\000.\000p\000y}{section.3}% 8
\BOOKMARK [2][-]{subsection.3.6}{\376\377\000i\000m\000a\000g\000e\000\137\000t\000o\000\137\000e\000m\000b\000e\000d\000d\000i\000n\000g\000.\000p\000y}{section.3}% 9
\BOOKMARK [2][-]{subsection.3.7}{\376\377\000e\000x\000t\000r\000a\000c\000t\000\137\000e\000m\000b\000e\000d\000d\000i\000n\000g\000s\000.\000p\000y}{section.3}% 10
\BOOKMARK [2][-]{subsection.3.8}{\376\377\000i\000n\000i\000t\000i\000a\000l\000i\000z\000e\000r\000.\000p\000y}{section.3}% 11
\BOOKMARK [2][-]{subsection.3.9}{\376\377\000m\000a\000i\000n\000\137\000c\000a\000m\000e\000r\000a\000.\000p\000y}{section.3}% 12
\BOOKMARK [2][-]{subsection.3.10}{\376\377\000m\000a\000i\000n\000\137\000i\000m\000a\000g\000e\000.\000p\000y}{section.3}% 13
\BOOKMARK [2][-]{subsection.3.11}{\376\377\000m\000a\000i\000n\000\137\000l\000o\000o\000k\000\137\000a\000l\000i\000k\000e\000\137\000o\000f\000f\000l\000i\000n\000e\000.\000p\000y}{section.3}% 14
\BOOKMARK [2][-]{subsection.3.12}{\376\377\000m\000a\000i\000n\000\137\000l\000o\000o\000k\000\137\000a\000l\000i\000k\000e\000\137\000o\000n\000l\000i\000n\000e\000.\000p\000y}{section.3}% 15
\BOOKMARK [2][-]{subsection.3.13}{\376\377\000c\000a\000m\000e\000r\000a\000.\000p\000y\000\040\000e\000\040\000o\000l\000d\000\137\000a\000u\000g\000m\000e\000n\000t\000.\000p\000y}{section.3}% 16
\BOOKMARK [1][-]{section.4}{\376\377\000F\000l\000o\000w\000\040\000d\000i\000\040\000u\000t\000i\000l\000i\000z\000z\000o\000\040\000a\000p\000p\000l\000i\000c\000a\000z\000i\000o\000n\000e}{}% 17
\BOOKMARK [2][-]{subsection.4.1}{\376\377\000U\000t\000i\000l\000i\000z\000z\000o\000\040\000i\000m\000m\000e\000d\000i\000a\000t\000o}{section.4}% 18
\BOOKMARK [2][-]{subsection.4.2}{\376\377\000A\000g\000g\000i\000u\000n\000t\000a\000\040\000d\000i\000\040\000p\000e\000r\000s\000o\000n\000a\000\040\000a\000l\000\040\000d\000a\000t\000a\000s\000e\000t\000\040\000d\000i\000\040\000r\000i\000c\000o\000n\000o\000s\000c\000i\000m\000e\000n\000t\000o}{section.4}% 19
\BOOKMARK [2][-]{subsection.4.3}{\376\377\000A\000g\000g\000i\000u\000n\000t\000a\000\040\000d\000i\000\040\000p\000e\000r\000s\000o\000n\000a\000\040\000a\000l\000\040\000d\000a\000t\000a\000s\000e\000t\000\040\000p\000e\000r\000\040\000o\000p\000e\000r\000a\000z\000i\000o\000n\000e\000\040\000L\000o\000o\000k\000-\000a\000l\000i\000k\000e}{section.4}% 20
\BOOKMARK [1][-]{section.5}{\376\377\000G\000U\000I\000\040\000a\000p\000p}{}% 21
\BOOKMARK [2][-]{subsection.5.1}{\376\377\000S\000p\000i\000e\000g\000a\000z\000i\000o\000n\000e\000\040\000G\000U\000I}{section.5}% 22
